State                                              TotalShootings2018
-------------------------------------------------- ------------------
Illinois                                           34
California                                         33
Florida                                            28
Pennsylvania                                       18
Tennessee                                          17
Texas                                              15
Missouri                                           14
Louisiana                                          12
Alabama                                            12
New York                                           11
North Carolina                                     11
Ohio                                               11
New Jersey                                         9
Michigan                                           9
Maryland                                           8
Indiana                                            8
Georgia                                            7
Colorado                                           7
Arkansas                                           5
District of Columbia                               5
Oklahoma                                           5
Kentucky                                           4
South Carolina                                     4
Virginia                                           4
Nevada                                             4
Wisconsin                                          4
Washington                                         3
Mississippi                                        3
Nebraska                                           3
Arizona                                            3
Connecticut                                        2
Kansas                                             2
Minnesota                                          2
New Mexico                                         2
Utah                                               1
Massachusetts                                      1
Delaware                                           1

(37 rows affected)


Completion time: 2023-11-01T14:55:35.1123412+00:00
