Year        Month       TotalShootings
----------- ----------- --------------
2020        6           91
2020        7           87
2021        7           85
2020        8           77
2021        6           77
2021        5           70
2021        10          69
2022        5           69
2021        9           69
2022        4           66
2020        9           65
2021        8           59
2020        5           58
2022        3           53
2020        10          52
2019        7           52
2021        4           52
2018        6           52
2019        6           51
2019        8           49
2021        11          48
2021        3           48
2020        11          47
2018        7           46
2019        5           43
2021        2           43
2022        2           40
2022        1           40
2021        12          39
2019        9           37
2019        12          37
2019        10          36
2021        1           35
2018        8           35
2019        4           34
2018        10          30
2019        11          30
2020        12          30
2020        1           28
2020        2           28
2019        1           28
2018        5           28
2018        11          27
2018        4           26
2020        4           26
2020        3           26
2019        2           23
2018        1           22
2019        3           21
2018        3           18
2022        6           16
2018        12          15
2018        2           14
2018        9           9

(54 rows affected)


Completion time: 2023-11-02T20:28:30.8855471+00:00
